{"name": "При добавлении ингредиента в заказ, увеличивается каунтер данного ингредиента", "status": "broken", "statusDetails": {"message": "selenium.common.exceptions.TimeoutException: Message: \nStacktrace:\nRemoteError@chrome://remote/content/shared/RemoteError.sys.mjs:8:8\nWebDriverError@chrome://remote/content/shared/webdriver/Errors.sys.mjs:193:5\nNoSuchElementError@chrome://remote/content/shared/webdriver/Errors.sys.mjs:511:5\ndom.find/</<@chrome://remote/content/shared/DOM.sys.mjs:136:16", "trace": "self = <test_main_functions.TestMainFunctions object at 0x104e60350>\ndriver = <selenium.webdriver.firefox.webdriver.WebDriver (session=\"73cc1caa-0ccb-460b-95a8-09aced9644de\")>\nget_random_element = <class 'conftest.get_random_element.<locals>.Dummy'>, number_of_ingredients = 1\n\n    @allure.title('При добавлении ингредиента в заказ, увеличивается каунтер данного ингредиента')\n    @pytest.mark.parametrize('number_of_ingredients', [0, 1, 2])\n    def test_add_ingredients_to_order_counter_increases(self, driver, get_random_element,\n                                                        number_of_ingredients):\n        main_page = MainPage(driver)\n        main_page.go_to_main_page()\n    \n        random_ingredient = get_random_element.get_element_from_list(MainPageLocators.INGREDIENTS_LIST)\n        main_page.scroll_to_element(random_ingredient)\n    \n        with allure.step('Перетаскиваем все ингридиенты в констуктор бургера'):\n            for i in range(1, number_of_ingredients+1):\n                main_page.drag_element_to_order(random_ingredient)\n                ingredient_locator = (MainPageLocators.BASKET_LIST[0],\n                                      f'{MainPageLocators.BASKET_LIST[1]}[{i}]')\n>               main_page.wait_element_be_visible(ingredient_locator)\n\ntests/test_main_functions.py:72: \n_ _ _ _ _ _ _ _ _ _ _ _ _ _ _ _ _ _ _ _ _ _ _ _ _ _ _ _ _ _ _ _ _ _ _ _ _ _ _ _ _ _ _ _ _ _ _ _ _ _ _ _ _ _ _ _ _ _ _ _ _ _ _ _ _ _ _ _ _ _ _ _ _ _ _ _ _ _ _ _ _ _ _ _\ntests/pages/common_objects.py:15: in wait_element_be_visible\n    WebDriverWait(self.driver, 3).until(\n_ _ _ _ _ _ _ _ _ _ _ _ _ _ _ _ _ _ _ _ _ _ _ _ _ _ _ _ _ _ _ _ _ _ _ _ _ _ _ _ _ _ _ _ _ _ _ _ _ _ _ _ _ _ _ _ _ _ _ _ _ _ _ _ _ _ _ _ _ _ _ _ _ _ _ _ _ _ _ _ _ _ _ _\n\nself = <selenium.webdriver.support.wait.WebDriverWait (session=\"73cc1caa-0ccb-460b-95a8-09aced9644de\")>\nmethod = <function visibility_of_element_located.<locals>._predicate at 0x104ebdb20>, message = ''\n\n    def until(self, method: Callable[[D], Union[Literal[False], T]], message: str = \"\") -> T:\n        \"\"\"Calls the method provided with the driver as an argument until the \\\n        return value does not evaluate to ``False``.\n    \n        :param method: callable(WebDriver)\n        :param message: optional message for :exc:`TimeoutException`\n        :returns: the result of the last call to `method`\n        :raises: :exc:`selenium.common.exceptions.TimeoutException` if timeout occurs\n        \"\"\"\n        screen = None\n        stacktrace = None\n    \n        end_time = time.monotonic() + self._timeout\n        while True:\n            try:\n                value = method(self._driver)\n                if value:\n                    return value\n            except self._ignored_exceptions as exc:\n                screen = getattr(exc, \"screen\", None)\n                stacktrace = getattr(exc, \"stacktrace\", None)\n            time.sleep(self._poll)\n            if time.monotonic() > end_time:\n                break\n>       raise TimeoutException(message, screen, stacktrace)\nE       selenium.common.exceptions.TimeoutException: Message: \nE       Stacktrace:\nE       RemoteError@chrome://remote/content/shared/RemoteError.sys.mjs:8:8\nE       WebDriverError@chrome://remote/content/shared/webdriver/Errors.sys.mjs:193:5\nE       NoSuchElementError@chrome://remote/content/shared/webdriver/Errors.sys.mjs:511:5\nE       dom.find/</<@chrome://remote/content/shared/DOM.sys.mjs:136:16\n\n../venv/lib/python3.12/site-packages/selenium/webdriver/support/wait.py:105: TimeoutException"}, "steps": [{"name": "Переход на главную страницу", "status": "passed", "steps": [{"name": "Waiting for locator=('xpath', './/*[text()=\"Соберите бургер\"]') be visible", "status": "passed", "start": 1725823947913, "stop": 1725823947928}], "start": 1725823946534, "stop": 1725823947928}, {"name": "Получение списка элементов", "status": "passed", "steps": [{"name": "Waiting for locator=('xpath', './/*[contains(@class, \"menuContainer\")]/ul[3]/a') be visible", "status": "passed", "start": 1725823947928, "stop": 1725823947932}], "parameters": [{"name": "locator", "value": "('xpath', './/*[contains(@class, \"menuContainer\")]/ul[3]/a')"}], "start": 1725823947928, "stop": 1725823947934}, {"name": "Прокрутка до элемента", "status": "passed", "parameters": [{"name": "random_ingredient", "value": "('xpath', './/*[contains(@class, \"menuContainer\")]/ul[3]/a[1]')"}], "start": 1725823947934, "stop": 1725823947939}, {"name": "Перетаскиваем все ингридиенты в констуктор бургера", "status": "broken", "statusDetails": {"message": "selenium.common.exceptions.TimeoutException: Message: \nStacktrace:\nRemoteError@chrome://remote/content/shared/RemoteError.sys.mjs:8:8\nWebDriverError@chrome://remote/content/shared/webdriver/Errors.sys.mjs:193:5\nNoSuchElementError@chrome://remote/content/shared/webdriver/Errors.sys.mjs:511:5\ndom.find/</<@chrome://remote/content/shared/DOM.sys.mjs:136:16\n\n", "trace": "  File \"/Users/elizavetafrolova/Desktop/python projects/Diplom/Diplom_3/tests/test_main_functions.py\", line 72, in test_add_ingredients_to_order_counter_increases\n    main_page.wait_element_be_visible(ingredient_locator)\n  File \"/Users/elizavetafrolova/Desktop/python projects/Diplom/Diplom_3/tests/pages/common_objects.py\", line 15, in wait_element_be_visible\n    WebDriverWait(self.driver, 3).until(\n  File \"/Users/elizavetafrolova/Desktop/python projects/Diplom/venv/lib/python3.12/site-packages/selenium/webdriver/support/wait.py\", line 105, in until\n    raise TimeoutException(message, screen, stacktrace)\n"}, "steps": [{"name": "Перетаскивание ингридиента в бургер", "status": "passed", "parameters": [{"name": "ingredient", "value": "('xpath', './/*[contains(@class, \"menuContainer\")]/ul[3]/a[1]')"}], "start": 1725823947939, "stop": 1725823948489}, {"name": "Waiting for locator=('xpath', './/span[contains(@class, \"BurgerConstructor_basket\")]/li[1]') be visible", "status": "broken", "statusDetails": {"message": "selenium.common.exceptions.TimeoutException: Message: \nStacktrace:\nRemoteError@chrome://remote/content/shared/RemoteError.sys.mjs:8:8\nWebDriverError@chrome://remote/content/shared/webdriver/Errors.sys.mjs:193:5\nNoSuchElementError@chrome://remote/content/shared/webdriver/Errors.sys.mjs:511:5\ndom.find/</<@chrome://remote/content/shared/DOM.sys.mjs:136:16\n\n", "trace": "  File \"/Users/elizavetafrolova/Desktop/python projects/Diplom/Diplom_3/tests/pages/common_objects.py\", line 15, in wait_element_be_visible\n    WebDriverWait(self.driver, 3).until(\n  File \"/Users/elizavetafrolova/Desktop/python projects/Diplom/venv/lib/python3.12/site-packages/selenium/webdriver/support/wait.py\", line 105, in until\n    raise TimeoutException(message, screen, stacktrace)\n"}, "start": 1725823948489, "stop": 1725823951542}], "start": 1725823947939, "stop": 1725823951547}], "parameters": [{"name": "driver", "value": "'firefox'"}, {"name": "number_of_ingredients", "value": "1"}], "start": 1725823946534, "stop": 1725823951549, "uuid": "949e8292-d06f-49e9-a8c7-fa93c3a701d0", "historyId": "cae20d4a99adece5213fe9b22a464b9d", "testCaseId": "d6052d10050cd8087c402eea70199006", "fullName": "tests.test_main_functions.TestMainFunctions#test_add_ingredients_to_order_counter_increases", "labels": [{"name": "parentSuite", "value": "tests"}, {"name": "suite", "value": "test_main_functions"}, {"name": "subSuite", "value": "TestMainFunctions"}, {"name": "host", "value": "MacBook-Air-Elizaveta.local"}, {"name": "thread", "value": "65521-MainThread"}, {"name": "framework", "value": "pytest"}, {"name": "language", "value": "cpython3"}, {"name": "package", "value": "tests.test_main_functions"}]}